
> notification-admin-portal@0.0.0 start
> ng serve --host localhost --port 4302

[33m>[39m Building...
[32m√[39m Building...
[35mBrowser bundles[39m     
[1mInitial chunk files[22m [2m | [22m[1mNames[22m           [2m | [22m [1mRaw size[22m
[32mmain.js[39m             [2m | [22m[2mmain[22m            [2m | [22m[36m103.63 kB[39m[2m | [22m
[32mstyles.css[39m          [2m | [22m[2mstyles[22m          [2m | [22m  [36m8.73 kB[39m[2m | [22m

[1m [22m                   [2m | [22m[1mInitial total[22m   [2m | [22m[1m112.36 kB[22m


[35mServer bundles[39m      
[1mInitial chunk files[22m [2m | [22m[1mNames[22m           [2m | [22m [1mRaw size[22m
[32mmain.server.mjs[39m     [2m | [22m[2mmain.server[22m     [2m | [22m[36m104.93 kB[39m[2m | [22m
[32mserver.mjs[39m          [2m | [22m[2mserver[22m          [2m | [22m  [36m1.84 kB[39m[2m | [22m
[32mpolyfills.server.mjs[39m[2m | [22m[2mpolyfills.server[22m[2m | [22m[36m268 bytes[39m[2m | [22m

Application bundle generation complete. [5.610 seconds] - 2026-03-28T05:33:03.885Z

Watch mode enabled. Watching for file changes...
NOTE: Raw file sizes do not reflect development server per-request transformations.
  [32m➜[39m  [1mLocal[22m:   [36mhttp://localhost:[1m4302[22m/[39m
[33m>[39m Changes detected. Rebuilding...
[32m√[39m Changes detected. Rebuilding...
[35mBrowser bundles[39m    
[1mInitial chunk files[22m[2m | [22m[1mNames[22m      [2m | [22m [1mRaw size[22m
[32mmain.js[39m            [2m | [22m[2mmain[22m       [2m | [22m[36m103.63 kB[39m[2m | [22m


[35mServer bundles[39m     
[1mInitial chunk files[22m[2m | [22m[1mNames[22m      [2m | [22m [1mRaw size[22m
[32mmain.server.mjs[39m    [2m | [22m[2mmain.server[22m[2m | [22m[36m104.93 kB[39m[2m | [22m

Application bundle generation complete. [1.119 seconds] - 2026-03-28T05:34:11.517Z

Page reload sent to client(s).
[33m>[39m Changes detected. Rebuilding...
[32m√[39m Changes detected. Rebuilding...
[35mBrowser bundles[39m     
[1mInitial chunk files[22m [2m | [22m[1mNames[22m           [2m | [22m [1mRaw size[22m
[32mmain.js[39m             [2m | [22m[2mmain[22m            [2m | [22m[36m103.63 kB[39m[2m | [22m
[32mstyles.css[39m          [2m | [22m[2mstyles[22m          [2m | [22m  [36m8.73 kB[39m[2m | [22m

[1m [22m                   [2m | [22m[1mInitial total[22m   [2m | [22m[1m112.36 kB[22m


[35mServer bundles[39m      
[1mInitial chunk files[22m [2m | [22m[1mNames[22m           [2m | [22m [1mRaw size[22m
[32mmain.server.mjs[39m     [2m | [22m[2mmain.server[22m     [2m | [22m[36m104.93 kB[39m[2m | [22m
[32mserver.mjs[39m          [2m | [22m[2mserver[22m          [2m | [22m  [36m1.84 kB[39m[2m | [22m
[32mpolyfills.server.mjs[39m[2m | [22m[2mpolyfills.server[22m[2m | [22m[36m268 bytes[39m[2m | [22m

Application bundle generation complete. [0.179 seconds] - 2026-03-28T05:34:15.799Z

[33m>[39m Changes detected. Rebuilding...
[32m√[39m Changes detected. Rebuilding...
[35mBrowser bundles[39m     
[1mInitial chunk files[22m [2m | [22m[1mNames[22m           [2m | [22m [1mRaw size[22m
[32mmain.js[39m             [2m | [22m[2mmain[22m            [2m | [22m[36m103.63 kB[39m[2m | [22m
[32mstyles.css[39m          [2m | [22m[2mstyles[22m          [2m | [22m  [36m8.73 kB[39m[2m | [22m

[1m [22m                   [2m | [22m[1mInitial total[22m   [2m | [22m[1m112.36 kB[22m


[35mServer bundles[39m      
[1mInitial chunk files[22m [2m | [22m[1mNames[22m           [2m | [22m [1mRaw size[22m
[32mmain.server.mjs[39m     [2m | [22m[2mmain.server[22m     [2m | [22m[36m104.93 kB[39m[2m | [22m
[32mserver.mjs[39m          [2m | [22m[2mserver[22m          [2m | [22m  [36m1.84 kB[39m[2m | [22m
[32mpolyfills.server.mjs[39m[2m | [22m[2mpolyfills.server[22m[2m | [22m[36m268 bytes[39m[2m | [22m

Application bundle generation complete. [0.561 seconds] - 2026-03-28T05:48:15.257Z

[33m>[39m Changes detected. Rebuilding...
[32m√[39m Changes detected. Rebuilding...
[35mBrowser bundles[39m    
[1mInitial chunk files[22m[2m | [22m[1mNames[22m      [2m | [22m [1mRaw size[22m
[32mmain.js[39m            [2m | [22m[2mmain[22m       [2m | [22m[36m104.99 kB[39m[2m | [22m
[32mstyles.css[39m         [2m | [22m[2mstyles[22m     [2m | [22m  [36m8.78 kB[39m[2m | [22m


[35mServer bundles[39m     
[1mInitial chunk files[22m[2m | [22m[1mNames[22m      [2m | [22m [1mRaw size[22m
[32mmain.server.mjs[39m    [2m | [22m[2mmain.server[22m[2m | [22m[36m106.28 kB[39m[2m | [22m

Application bundle generation complete. [0.504 seconds] - 2026-03-28T05:49:03.239Z

Page reload sent to client(s).
[33m>[39m Changes detected. Rebuilding...
[32m√[39m Changes detected. Rebuilding...
Application bundle generation failed. [1.290 seconds] - 2026-03-28T05:50:04.820Z

[33m>[39m Changes detected. Rebuilding...
[32m√[39m Changes detected. Rebuilding...
Application bundle generation failed. [1.235 seconds] - 2026-03-28T05:50:14.238Z

[33m>[39m Changes detected. Rebuilding...
[32m√[39m Changes detected. Rebuilding...
Application bundle generation failed. [0.994 seconds] - 2026-03-28T05:50:21.080Z

[33m>[39m Changes detected. Rebuilding...
[32m√[39m Changes detected. Rebuilding...
Application bundle generation failed. [0.868 seconds] - 2026-03-28T05:50:33.146Z

[33m>[39m Changes detected. Rebuilding...
[32m√[39m Changes detected. Rebuilding...
[35mBrowser bundles[39m     
[1mInitial chunk files[22m [2m | [22m[1mNames[22m           [2m | [22m [1mRaw size[22m
[32mmain.js[39m             [2m | [22m[2mmain[22m            [2m | [22m[36m112.28 kB[39m[2m | [22m
[32mstyles.css[39m          [2m | [22m[2mstyles[22m          [2m | [22m  [36m8.78 kB[39m[2m | [22m

[1m [22m                   [2m | [22m[1mInitial total[22m   [2m | [22m[1m121.06 kB[22m


[35mServer bundles[39m      
[1mInitial chunk files[22m [2m | [22m[1mNames[22m           [2m | [22m [1mRaw size[22m
[32mmain.server.mjs[39m     [2m | [22m[2mmain.server[22m     [2m | [22m[36m113.58 kB[39m[2m | [22m
[32mserver.mjs[39m          [2m | [22m[2mserver[22m          [2m | [22m  [36m1.84 kB[39m[2m | [22m
[32mpolyfills.server.mjs[39m[2m | [22m[2mpolyfills.server[22m[2m | [22m[36m268 bytes[39m[2m | [22m

Application bundle generation complete. [0.980 seconds] - 2026-03-28T05:50:56.922Z

Page reload sent to client(s).
[33m>[39m Changes detected. Rebuilding...
[32m√[39m Changes detected. Rebuilding...
[35mBrowser bundles[39m     
[1mInitial chunk files[22m [2m | [22m[1mNames[22m           [2m | [22m [1mRaw size[22m
[32mmain.js[39m             [2m | [22m[2mmain[22m            [2m | [22m[36m112.28 kB[39m[2m | [22m
[32mstyles.css[39m          [2m | [22m[2mstyles[22m          [2m | [22m  [36m8.78 kB[39m[2m | [22m

[1m [22m                   [2m | [22m[1mInitial total[22m   [2m | [22m[1m121.06 kB[22m


[35mServer bundles[39m      
[1mInitial chunk files[22m [2m | [22m[1mNames[22m           [2m | [22m [1mRaw size[22m
[32mmain.server.mjs[39m     [2m | [22m[2mmain.server[22m     [2m | [22m[36m113.58 kB[39m[2m | [22m
[32mserver.mjs[39m          [2m | [22m[2mserver[22m          [2m | [22m  [36m1.84 kB[39m[2m | [22m
[32mpolyfills.server.mjs[39m[2m | [22m[2mpolyfills.server[22m[2m | [22m[36m268 bytes[39m[2m | [22m

Application bundle generation complete. [1.112 seconds] - 2026-03-28T08:54:38.064Z

[33m>[39m Changes detected. Rebuilding...
[32m√[39m Changes detected. Rebuilding...
[35mBrowser bundles[39m    
[1mInitial chunk files[22m[2m | [22m[1mNames[22m      [2m | [22m[1mRaw size[22m
[32mmain.js[39m            [2m | [22m[2mmain[22m       [2m | [22m [36m2.07 kB[39m[2m | [22m


[35mServer bundles[39m     
[1mInitial chunk files[22m[2m | [22m[1mNames[22m      [2m | [22m[1mRaw size[22m
[32mmain.server.mjs[39m    [2m | [22m[2mmain.server[22m[2m | [22m [36m3.33 kB[39m[2m | [22m

Application bundle generation complete. [0.614 seconds] - 2026-03-28T08:54:44.287Z

Page reload sent to client(s).
[33m>[39m Changes detected. Rebuilding...
[32m√[39m Changes detected. Rebuilding...
[35mBrowser bundles[39m    
[1mInitial chunk files[22m[2m | [22m[1mNames[22m      [2m | [22m [1mRaw size[22m
[32mmain.js[39m            [2m | [22m[2mmain[22m       [2m | [22m[36m112.04 kB[39m[2m | [22m


[35mServer bundles[39m     
[1mInitial chunk files[22m[2m | [22m[1mNames[22m      [2m | [22m [1mRaw size[22m
[32mmain.server.mjs[39m    [2m | [22m[2mmain.server[22m[2m | [22m[36m113.34 kB[39m[2m | [22m

Application bundle generation complete. [0.984 seconds] - 2026-03-28T09:52:25.175Z

Page reload sent to client(s).
[33m>[39m Changes detected. Rebuilding...
[32m√[39m Changes detected. Rebuilding...
[35mBrowser bundles[39m    
[1mInitial chunk files[22m[2m | [22m[1mNames[22m      [2m | [22m [1mRaw size[22m
[32mmain.js[39m            [2m | [22m[2mmain[22m       [2m | [22m[36m112.17 kB[39m[2m | [22m


[35mServer bundles[39m     
[1mInitial chunk files[22m[2m | [22m[1mNames[22m      [2m | [22m [1mRaw size[22m
[32mmain.server.mjs[39m    [2m | [22m[2mmain.server[22m[2m | [22m[36m113.47 kB[39m[2m | [22m

Application bundle generation complete. [1.376 seconds] - 2026-03-28T10:01:39.360Z

Page reload sent to client(s).
[33m>[39m Changes detected. Rebuilding...
[32m√[39m Changes detected. Rebuilding...
[35mBrowser bundles[39m     
[1mInitial chunk files[22m [2m | [22m[1mNames[22m           [2m | [22m [1mRaw size[22m
[32mmain.js[39m             [2m | [22m[2mmain[22m            [2m | [22m[36m112.17 kB[39m[2m | [22m
[32mstyles.css[39m          [2m | [22m[2mstyles[22m          [2m | [22m  [36m8.78 kB[39m[2m | [22m

[1m [22m                   [2m | [22m[1mInitial total[22m   [2m | [22m[1m120.95 kB[22m


[35mServer bundles[39m      
[1mInitial chunk files[22m [2m | [22m[1mNames[22m           [2m | [22m [1mRaw size[22m
[32mmain.server.mjs[39m     [2m | [22m[2mmain.server[22m     [2m | [22m[36m113.47 kB[39m[2m | [22m
[32mserver.mjs[39m          [2m | [22m[2mserver[22m          [2m | [22m  [36m1.84 kB[39m[2m | [22m
[32mpolyfills.server.mjs[39m[2m | [22m[2mpolyfills.server[22m[2m | [22m[36m268 bytes[39m[2m | [22m

Application bundle generation complete. [0.829 seconds] - 2026-03-28T10:02:10.230Z

[33m>[39m Changes detected. Rebuilding...
[32m√[39m Changes detected. Rebuilding...
[35mBrowser bundles[39m     
[1mInitial chunk files[22m [2m | [22m[1mNames[22m           [2m | [22m [1mRaw size[22m
[32mmain.js[39m             [2m | [22m[2mmain[22m            [2m | [22m[36m112.17 kB[39m[2m | [22m
[32mstyles.css[39m          [2m | [22m[2mstyles[22m          [2m | [22m  [36m8.78 kB[39m[2m | [22m

[1m [22m                   [2m | [22m[1mInitial total[22m   [2m | [22m[1m120.95 kB[22m


[35mServer bundles[39m      
[1mInitial chunk files[22m [2m | [22m[1mNames[22m           [2m | [22m [1mRaw size[22m
[32mmain.server.mjs[39m     [2m | [22m[2mmain.server[22m     [2m | [22m[36m113.47 kB[39m[2m | [22m
[32mserver.mjs[39m          [2m | [22m[2mserver[22m          [2m | [22m  [36m1.84 kB[39m[2m | [22m
[32mpolyfills.server.mjs[39m[2m | [22m[2mpolyfills.server[22m[2m | [22m[36m268 bytes[39m[2m | [22m

Application bundle generation complete. [0.687 seconds] - 2026-03-28T10:02:16.331Z

